Build started 12/8/2012 11:00:01 PM.
     1>Project "C:\Users\Gio Cielo\workspace\CppCKPlayer\CAdapter\CAdapter\CAdapter.vcxproj" on node 2 (Build target(s)).
     1>InitializeBuildStatus:
         Touching "Debug\CAdapter.unsuccessfulbuild".
       ClCompile:
         C:\Program Files (x86)\Microsoft Visual Studio 11.0\VC\bin\CL.exe /c /ZI /nologo /W3 /WX- /Od /Oy- /D WIN32 /D _DEBUG /D _WINDOWS /D _USRDLL /D CADAPTER_EXPORTS /D _WINDLL /D _UNICODE /D UNICODE /Gm /EHsc /RTC1 /MDd /GS /fp:precise /Zc:wchar_t /Zc:forScope /Fo"Debug\\" /Fd"Debug\vc110.pdb" /Gd /TP /analyze- /errorReport:prompt BoardConfig.cpp CKPlayer.cpp GravityImpl.cpp BoardState.cpp CAdapter.cpp NoGravityImpl.cpp
         BoardConfig.cpp
         Generating Code...
         Compiling...
         NoGravityImpl.cpp
         CAdapter.cpp
         BoardState.cpp
         GravityImpl.cpp
         CKPlayer.cpp
         Generating Code...
       Link:
         C:\Program Files (x86)\Microsoft Visual Studio 11.0\VC\bin\link.exe /ERRORREPORT:PROMPT /OUT:"C:\Users\Gio Cielo\workspace\CppCKPlayer\CAdapter\Debug\CAdapter.dll" /INCREMENTAL /NOLOGO kernel32.lib user32.lib gdi32.lib winspool.lib comdlg32.lib advapi32.lib shell32.lib ole32.lib oleaut32.lib uuid.lib odbc32.lib odbccp32.lib /MANIFEST /MANIFESTUAC:"level='asInvoker' uiAccess='false'" /manifest:embed /DEBUG /PDB:"C:\Users\Gio Cielo\workspace\CppCKPlayer\CAdapter\Debug\CAdapter.pdb" /SUBSYSTEM:WINDOWS /TLBID:1 /DYNAMICBASE /NXCOMPAT /IMPLIB:"C:\Users\Gio Cielo\workspace\CppCKPlayer\CAdapter\Debug\CAdapter.lib" /MACHINE:X86 /DLL Debug\BoardConfig.obj
         Debug\CKPlayer.obj
         Debug\GravityImpl.obj
         Debug\BoardState.obj
         Debug\CAdapter.obj
         Debug\NoGravityImpl.obj
            Creating library C:\Users\Gio Cielo\workspace\CppCKPlayer\CAdapter\Debug\CAdapter.lib and object C:\Users\Gio Cielo\workspace\CppCKPlayer\CAdapter\Debug\CAdapter.exp
         CAdapter.vcxproj -> C:\Users\Gio Cielo\workspace\CppCKPlayer\CAdapter\Debug\CAdapter.dll
       FinalizeBuildStatus:
         Deleting file "Debug\CAdapter.unsuccessfulbuild".
         Touching "Debug\CAdapter.lastbuildstate".
     1>Done Building Project "C:\Users\Gio Cielo\workspace\CppCKPlayer\CAdapter\CAdapter\CAdapter.vcxproj" (Build target(s)).

Build succeeded.

Time Elapsed 00:00:07.06
